Unknown:
Mesh:
D:\CST_Project\Rconfig_Antenna\Result\dA.mat
D:\CST_Project\Rconfig_Antenna\Result\dad.mat
D:\CST_Project\Rconfig_Antenna\Result\ds.mat
D:\CST_Project\Rconfig_Antenna\Result\dsd.mat
D:\CST_Project\Rconfig_Antenna\Result\dsMCalc.mat
D:\CST_Project\Rconfig_Antenna\Result\Eps.mat
D:\CST_Project\Rconfig_Antenna\Result\HexMatrix.m2h
D:\CST_Project\Rconfig_Antenna\Result\HexMatrix_MCalc.m2h
D:\CST_Project\Rconfig_Antenna\Result\MCalc.fmp
D:\CST_Project\Rconfig_Antenna\Result\MCalc.xcfd
D:\CST_Project\Rconfig_Antenna\Result\MCalcCCS_c.mson
D:\CST_Project\Rconfig_Antenna\Result\Meta.m2h
D:\CST_Project\Rconfig_Antenna\Result\Meta.mat
D:\CST_Project\Rconfig_Antenna\Result\Model-fmf.msqlite
D:\CST_Project\Rconfig_Antenna\Result\Model.cct
D:\CST_Project\Rconfig_Antenna\Result\Model.fmf
D:\CST_Project\Rconfig_Antenna\Result\Model.fmm
D:\CST_Project\Rconfig_Antenna\Result\Model.fpc
D:\CST_Project\Rconfig_Antenna\Result\Model.fwf
D:\CST_Project\Rconfig_Antenna\Result\Model.sic
D:\CST_Project\Rconfig_Antenna\Result\Model.sid
D:\CST_Project\Rconfig_Antenna\Result\Model.spi
D:\CST_Project\Rconfig_Antenna\Result\Model.svi
D:\CST_Project\Rconfig_Antenna\Result\Model.xcfd
D:\CST_Project\Rconfig_Antenna\Result\Mue.mat
D:\CST_Project\Rconfig_Antenna\Result\m^fqq.mem
D:\CST_Project\Rconfig_Antenna\Result\PEC.mat
D:\CST_Project\Rconfig_Antenna\Result\Ports.fpt
D:\CST_Project\Rconfig_Antenna\Result\p^a.mem
D:\CST_Project\Rconfig_Antenna\Result\p^m.mem
D:\CST_Project\Rconfig_Antenna\Result\Rho.mat
D:\CST_Project\Rconfig_Antenna\Result\S2HMatrix.m2h
D:\CST_Project\Rconfig_Antenna\Result\Shapes.con
D:\CST_Project\Rconfig_Antenna\Result\s^pm.mem
Port:
D:\CST_Project\Rconfig_Antenna\Result\Model.pmi
